setting 'ivy.default.settings.dir' to 'jar:file:/home/wsantos/Downloads/play-2.2.6/framework/sbt/sbt-launch.jar!/org/apache/ivy/core/settings'
setting 'ivy.basedir' to '/home/wsantos/git/pg/PNL/.'
setting 'ivy.default.conf.dir' to 'jar:file:/home/wsantos/Downloads/play-2.2.6/framework/sbt/sbt-launch.jar!/org/apache/ivy/core/settings'
impossible to define new type: class not found: org.apache.ivy.plugins.resolver.SshResolver in [] nor Ivy classloader
impossible to define new type: class not found: org.apache.ivy.plugins.resolver.VsftpResolver in [] nor Ivy classloader
impossible to define new type: class not found: org.apache.ivy.plugins.version.PatternVersionMatcher in [] nor Ivy classloader
impossible to define new type: class not found: org.apache.ivy.plugins.trigger.LogTrigger in [] nor Ivy classloader
impossible to define new type: class not found: org.apache.ivy.ant.AntBuildTrigger in [] nor Ivy classloader
impossible to define new type: class not found: org.apache.ivy.plugins.resolver.IvyRepResolver in [] nor Ivy classloader
impossible to define new type: class not found: org.apache.ivy.plugins.signer.bouncycastle.OpenPGPSignatureGenerator in [] nor Ivy classloader
impossible to define new type: class not found: org.apache.ivy.plugins.conflict.RegexpConflictManager in [] nor Ivy classloader
impossible to define new type: class not found: org.apache.ivy.plugins.resolver.SFTPResolver in [] nor Ivy classloader
impossible to define new type: class not found: org.apache.ivy.osgi.updatesite.UpdateSiteResolver in [] nor Ivy classloader
impossible to define new type: class not found: org.apache.ivy.ant.AntCallTrigger in [] nor Ivy classloader
impossible to define new type: class not found: org.apache.ivy.plugins.resolver.MirroredURLResolver in [] nor Ivy classloader
impossible to define new type: class not found: org.apache.ivy.plugins.resolver.packager.PackagerResolver in [] nor Ivy classloader
impossible to define new type: class not found: org.apache.ivy.plugins.resolver.DualResolver in [] nor Ivy classloader
impossible to define new type: class not found: org.apache.ivy.plugins.resolver.VfsResolver in [] nor Ivy classloader
impossible to define new type: class not found: org.apache.ivy.plugins.resolver.JarResolver in [] nor Ivy classloader
impossible to define new type: class not found: org.apache.ivy.osgi.obr.OBRResolver in [] nor Ivy classloader
impossible to define glob matcher: org.apache.ivy.plugins.matcher.GlobPatternMatcher was not found.
setting 'jline.esc.timeout' to '0'
setting 'java.runtime.name' to 'Java(TM) SE Runtime Environment'
setting 'sun.boot.library.path' to '/usr/lib/jvm/java-8-oracle/jre/lib/i386'
setting 'java.vm.version' to '25.131-b11'
setting 'java.vm.vendor' to 'Oracle Corporation'
setting 'java.vendor.url' to 'http://java.oracle.com/'
setting 'path.separator' to ':'
setting 'java.vm.name' to 'Java HotSpot(TM) Server VM'
setting 'file.encoding.pkg' to 'sun.io'
setting 'user.country' to 'BR'
setting 'sun.java.launcher' to 'SUN_STANDARD'
setting 'sun.os.patch.level' to 'unknown'
setting 'java.vm.specification.name' to 'Java Virtual Machine Specification'
setting 'user.dir' to '/home/wsantos/git/pg/PNL'
setting 'java.runtime.version' to '1.8.0_131-b11'
setting 'sbt.boot.properties' to '/home/wsantos/Downloads/play-2.2.6/framework/sbt/play.boot.properties'
setting 'java.awt.graphicsenv' to 'sun.awt.X11GraphicsEnvironment'
setting 'java.endorsed.dirs' to '/usr/lib/jvm/java-8-oracle/jre/lib/endorsed'
setting 'os.arch' to 'i386'
setting 'java.io.tmpdir' to '/tmp'
setting 'line.separator' to '
'
setting 'java.vm.specification.vendor' to 'Oracle Corporation'
setting 'os.name' to 'Linux'
setting 'sun.jnu.encoding' to 'UTF-8'
setting 'java.library.path' to '/usr/java/packages/lib/i386:/lib:/usr/lib'
setting 'java.specification.name' to 'Java Platform API Specification'
setting 'java.class.version' to '52.0'
setting 'play.home' to '/home/wsantos/Downloads/play-2.2.6/framework'
setting 'sun.management.compiler' to 'HotSpot Tiered Compilers'
setting 'os.version' to '4.10.0-19-generic'
setting 'user.home' to '/home/wsantos'
setting 'user.timezone' to 'America/Sao_Paulo'
setting 'java.awt.printerjob' to 'sun.print.PSPrinterJob'
setting 'file.encoding' to 'UTF-8'
setting 'java.specification.version' to '1.8'
setting 'java.class.path' to '/home/wsantos/Downloads/play-2.2.6/framework/sbt/sbt-launch.jar'
setting 'user.name' to 'wsantos'
setting 'jline.shutdownhook' to 'false'
setting 'java.vm.specification.version' to '1.8'
setting 'sun.java.command' to '/home/wsantos/Downloads/play-2.2.6/framework/sbt/sbt-launch.jar run'
setting 'java.home' to '/usr/lib/jvm/java-8-oracle/jre'
setting 'sun.arch.data.model' to '32'
setting 'user.language' to 'pt'
setting 'java.specification.vendor' to 'Oracle Corporation'
setting 'awt.toolkit' to 'sun.awt.X11.XToolkit'
setting 'java.vm.info' to 'mixed mode'
setting 'java.version' to '1.8.0_131'
setting 'java.ext.dirs' to '/usr/lib/jvm/java-8-oracle/jre/lib/ext:/usr/java/packages/lib/ext'
setting 'sun.boot.class.path' to '/usr/lib/jvm/java-8-oracle/jre/lib/resources.jar:/usr/lib/jvm/java-8-oracle/jre/lib/rt.jar:/usr/lib/jvm/java-8-oracle/jre/lib/sunrsasign.jar:/usr/lib/jvm/java-8-oracle/jre/lib/jsse.jar:/usr/lib/jvm/java-8-oracle/jre/lib/jce.jar:/usr/lib/jvm/java-8-oracle/jre/lib/charsets.jar:/usr/lib/jvm/java-8-oracle/jre/lib/jfr.jar:/usr/lib/jvm/java-8-oracle/jre/classes'
setting 'java.vendor' to 'Oracle Corporation'
setting 'file.separator' to '/'
setting 'sbt.scala.version' to '2.10.3'
setting 'java.vendor.url.bug' to 'http://bugreport.sun.com/bugreport/'
setting 'sun.io.unicode.encoding' to 'UnicodeLittle'
setting 'sun.cpu.endian' to 'little'
setting 'sun.cpu.isalist' to ''
setting 'ivy.default.ivy.user.dir' to '/home/wsantos/Downloads/play-2.2.6/framework/../repository'
setting 'ivy.home' to '/home/wsantos/Downloads/play-2.2.6/framework/../repository'
setting 'ivy.cache.dir' to '/home/wsantos/Downloads/play-2.2.6/framework/../repository/cache'
no default cache defined: set to /home/wsantos/Downloads/play-2.2.6/framework/../repository/cache
setting 'ivy.checksums' to 'sha1,md5'
setting 'ivy.basedir' to '/home/wsantos/Downloads/play-2.2.6/framework/sbt/boot'
setting 'basedir' to '/home/wsantos/Downloads/play-2.2.6/framework/sbt/boot'
setting 'scala' to '2.10.3'
:: resolving dependencies :: org.scala-sbt#boot-app;1.0
	confs: [default]
	validate = true
	refresh = false
resolving dependencies for configuration 'default'
== resolving dependencies for org.scala-sbt#boot-app;1.0 [default]
loadData of org.scala-sbt#boot-app;1.0 of rootConf=default
== resolving dependencies org.scala-sbt#boot-app;1.0->com.typesafe.play#console_2.10;2.2.6 [default->default(compile)]
loadData of com.typesafe.play#console_2.10;2.2.6 of rootConf=default
	using redefined-public to resolve com.typesafe.play#console_2.10;2.2.6
redefined-public: Checking cache for: dependency: com.typesafe.play#console_2.10;2.2.6 {default=[default(compile)]}
redefined-public: no namespace defined: using system
No entry is found in the ModuleDescriptorCache : /home/wsantos/Downloads/play-2.2.6/framework/../repository/cache/com.typesafe.play/console_2.10/ivy-2.2.6.xml
post 1.3 ivy file: using exact as default matcher
	resolver not found: sbt-chain => trying to use the one configured for com.typesafe.play#console_2.10;2.2.6
	configured resolver found for com.typesafe.play#console_2.10;2.2.6: redefined-public: saving this data
	found ivy file in cache for com.typesafe.play#console_2.10;2.2.6 (resolved by redefined-public): /home/wsantos/Downloads/play-2.2.6/framework/../repository/cache/com.typesafe.play/console_2.10/ivy-2.2.6.xml
redefined-public: module revision found in cache: com.typesafe.play#console_2.10;2.2.6
redefined-public: no latest strategy defined: using default
	found com.typesafe.play#console_2.10;2.2.6 in redefined-public
== resolving dependencies org.scala-sbt#boot-app;1.0->com.typesafe.play#console_2.10;2.2.6 [default->runtime]
loadData of com.typesafe.play#console_2.10;2.2.6 of rootConf=default
== resolving dependencies org.scala-sbt#boot-app;1.0->com.typesafe.play#console_2.10;2.2.6 [default->compile]
loadData of com.typesafe.play#console_2.10;2.2.6 of rootConf=default
== resolving dependencies com.typesafe.play#console_2.10;2.2.6->com.github.scala-incubator.io#scala-io-file_2.10;0.4.2 [compile->master(*)]
loadData of com.github.scala-incubator.io#scala-io-file_2.10;0.4.2 of rootConf=default
	using redefined-public to resolve com.github.scala-incubator.io#scala-io-file_2.10;0.4.2
redefined-public: Checking cache for: dependency: com.github.scala-incubator.io#scala-io-file_2.10;0.4.2 {compile=[compile(*), master(*)], runtime=[runtime(*)]}
No entry is found in the ModuleDescriptorCache : /home/wsantos/Downloads/play-2.2.6/framework/../repository/cache/com.github.scala-incubator.io/scala-io-file_2.10/ivy-0.4.2.xml
post 1.3 ivy file: using exact as default matcher
	resolver not found: sbt-chain => trying to use the one configured for com.github.scala-incubator.io#scala-io-file_2.10;0.4.2
	configured resolver found for com.github.scala-incubator.io#scala-io-file_2.10;0.4.2: redefined-public: saving this data
	found ivy file in cache for com.github.scala-incubator.io#scala-io-file_2.10;0.4.2 (resolved by redefined-public): /home/wsantos/Downloads/play-2.2.6/framework/../repository/cache/com.github.scala-incubator.io/scala-io-file_2.10/ivy-0.4.2.xml
redefined-public: module revision found in cache: com.github.scala-incubator.io#scala-io-file_2.10;0.4.2
	found com.github.scala-incubator.io#scala-io-file_2.10;0.4.2 in redefined-public
== resolving dependencies com.typesafe.play#console_2.10;2.2.6->com.github.scala-incubator.io#scala-io-file_2.10;0.4.2 [compile->compile(*)]
loadData of com.github.scala-incubator.io#scala-io-file_2.10;0.4.2 of rootConf=default
== resolving dependencies com.github.scala-incubator.io#scala-io-file_2.10;0.4.2->com.github.scala-incubator.io#scala-io-core_2.10;0.4.2 [compile->master(*)]
loadData of com.github.scala-incubator.io#scala-io-core_2.10;0.4.2 of rootConf=default
	using redefined-public to resolve com.github.scala-incubator.io#scala-io-core_2.10;0.4.2
redefined-public: Checking cache for: dependency: com.github.scala-incubator.io#scala-io-core_2.10;0.4.2 {compile=[compile(*), master(*)], runtime=[runtime(*)]}
No entry is found in the ModuleDescriptorCache : /home/wsantos/Downloads/play-2.2.6/framework/../repository/cache/com.github.scala-incubator.io/scala-io-core_2.10/ivy-0.4.2.xml
post 1.3 ivy file: using exact as default matcher
	resolver not found: sbt-chain => trying to use the one configured for com.github.scala-incubator.io#scala-io-core_2.10;0.4.2
	configured resolver found for com.github.scala-incubator.io#scala-io-core_2.10;0.4.2: redefined-public: saving this data
	found ivy file in cache for com.github.scala-incubator.io#scala-io-core_2.10;0.4.2 (resolved by redefined-public): /home/wsantos/Downloads/play-2.2.6/framework/../repository/cache/com.github.scala-incubator.io/scala-io-core_2.10/ivy-0.4.2.xml
redefined-public: module revision found in cache: com.github.scala-incubator.io#scala-io-core_2.10;0.4.2
	found com.github.scala-incubator.io#scala-io-core_2.10;0.4.2 in redefined-public
== resolving dependencies com.github.scala-incubator.io#scala-io-file_2.10;0.4.2->com.github.scala-incubator.io#scala-io-core_2.10;0.4.2 [compile->compile(*)]
loadData of com.github.scala-incubator.io#scala-io-core_2.10;0.4.2 of rootConf=default
== resolving dependencies com.github.scala-incubator.io#scala-io-core_2.10;0.4.2->org.scala-lang#scala-library;2.10.0 [compile->master(*)]
loadData of org.scala-lang#scala-library;2.10.0 of rootConf=default
	using redefined-public to resolve org.scala-lang#scala-library;2.10.0
redefined-public: Checking cache for: dependency: org.scala-lang#scala-library;2.10.0 {compile=[compile(*), master(*)], runtime=[runtime(*)]}
No entry is found in the ModuleDescriptorCache : /home/wsantos/Downloads/play-2.2.6/framework/../repository/cache/org.scala-lang/scala-library/ivy-2.10.0.xml
post 1.3 ivy file: using exact as default matcher
	resolver not found: sbt-chain => trying to use the one configured for org.scala-lang#scala-library;2.10.0
	configured resolver found for org.scala-lang#scala-library;2.10.0: redefined-public: saving this data
	found ivy file in cache for org.scala-lang#scala-library;2.10.0 (resolved by redefined-public): /home/wsantos/Downloads/play-2.2.6/framework/../repository/cache/org.scala-lang/scala-library/ivy-2.10.0.xml
redefined-public: module revision found in cache: org.scala-lang#scala-library;2.10.0
	found org.scala-lang#scala-library;2.10.0 in redefined-public
== resolving dependencies com.github.scala-incubator.io#scala-io-core_2.10;0.4.2->org.scala-lang#scala-library;2.10.0 [compile->compile(*)]
loadData of org.scala-lang#scala-library;2.10.0 of rootConf=default
== resolving dependencies com.github.scala-incubator.io#scala-io-core_2.10;0.4.2->com.jsuereth#scala-arm_2.10;1.3 [compile->master(*)]
loadData of com.jsuereth#scala-arm_2.10;1.3 of rootConf=default
	using redefined-public to resolve com.jsuereth#scala-arm_2.10;1.3
redefined-public: Checking cache for: dependency: com.jsuereth#scala-arm_2.10;1.3 {compile=[compile(*), master(*)], runtime=[runtime(*)]}
No entry is found in the ModuleDescriptorCache : /home/wsantos/Downloads/play-2.2.6/framework/../repository/cache/com.jsuereth/scala-arm_2.10/ivy-1.3.xml
post 1.3 ivy file: using exact as default matcher
	resolver not found: sbt-chain => trying to use the one configured for com.jsuereth#scala-arm_2.10;1.3
	configured resolver found for com.jsuereth#scala-arm_2.10;1.3: redefined-public: saving this data
	found ivy file in cache for com.jsuereth#scala-arm_2.10;1.3 (resolved by redefined-public): /home/wsantos/Downloads/play-2.2.6/framework/../repository/cache/com.jsuereth/scala-arm_2.10/ivy-1.3.xml
redefined-public: module revision found in cache: com.jsuereth#scala-arm_2.10;1.3
	found com.jsuereth#scala-arm_2.10;1.3 in redefined-public
== resolving dependencies com.github.scala-incubator.io#scala-io-core_2.10;0.4.2->com.jsuereth#scala-arm_2.10;1.3 [compile->compile(*)]
loadData of com.jsuereth#scala-arm_2.10;1.3 of rootConf=default
== resolving dependencies com.jsuereth#scala-arm_2.10;1.3->org.scala-lang#scala-library;2.10.0 [compile->master(*)]
loadData of org.scala-lang#scala-library;2.10.0 of rootConf=default
default is loaded and no conf to load.  Skip loading
== resolving dependencies com.jsuereth#scala-arm_2.10;1.3->org.scala-lang#scala-library;2.10.0 [compile->compile(*)]
loadData of org.scala-lang#scala-library;2.10.0 of rootConf=default
default is loaded and no conf to load.  Skip loading
== resolving dependencies com.github.scala-incubator.io#scala-io-file_2.10;0.4.2->org.scala-lang#scala-library;2.10.0 [compile->master(*)]
loadData of org.scala-lang#scala-library;2.10.0 of rootConf=default
default is loaded and no conf to load.  Skip loading
== resolving dependencies com.github.scala-incubator.io#scala-io-file_2.10;0.4.2->org.scala-lang#scala-library;2.10.0 [compile->compile(*)]
loadData of org.scala-lang#scala-library;2.10.0 of rootConf=default
default is loaded and no conf to load.  Skip loading
== resolving dependencies com.typesafe.play#console_2.10;2.2.6->com.github.scala-incubator.io#scala-io-file_2.10;0.4.2 [compile->runtime(*)]
loadData of com.github.scala-incubator.io#scala-io-file_2.10;0.4.2 of rootConf=default
== resolving dependencies com.typesafe.play#console_2.10;2.2.6->com.github.scala-incubator.io#scala-io-file_2.10;0.4.2 [compile->compile]
loadData of com.github.scala-incubator.io#scala-io-file_2.10;0.4.2 of rootConf=default
== resolving dependencies com.github.scala-incubator.io#scala-io-file_2.10;0.4.2->com.github.scala-incubator.io#scala-io-core_2.10;0.4.2 [runtime->runtime(*)]
loadData of com.github.scala-incubator.io#scala-io-core_2.10;0.4.2 of rootConf=default
== resolving dependencies com.github.scala-incubator.io#scala-io-file_2.10;0.4.2->com.github.scala-incubator.io#scala-io-core_2.10;0.4.2 [runtime->compile]
loadData of com.github.scala-incubator.io#scala-io-core_2.10;0.4.2 of rootConf=default
== resolving dependencies com.github.scala-incubator.io#scala-io-core_2.10;0.4.2->org.scala-lang#scala-library;2.10.0 [runtime->runtime(*)]
loadData of org.scala-lang#scala-library;2.10.0 of rootConf=default
== resolving dependencies com.github.scala-incubator.io#scala-io-core_2.10;0.4.2->org.scala-lang#scala-library;2.10.0 [runtime->compile]
loadData of org.scala-lang#scala-library;2.10.0 of rootConf=default
== resolving dependencies com.github.scala-incubator.io#scala-io-core_2.10;0.4.2->com.jsuereth#scala-arm_2.10;1.3 [runtime->runtime(*)]
loadData of com.jsuereth#scala-arm_2.10;1.3 of rootConf=default
== resolving dependencies com.github.scala-incubator.io#scala-io-core_2.10;0.4.2->com.jsuereth#scala-arm_2.10;1.3 [runtime->compile]
loadData of com.jsuereth#scala-arm_2.10;1.3 of rootConf=default
== resolving dependencies com.jsuereth#scala-arm_2.10;1.3->org.scala-lang#scala-library;2.10.0 [runtime->runtime(*)]
loadData of org.scala-lang#scala-library;2.10.0 of rootConf=default
default is loaded and no conf to load.  Skip loading
== resolving dependencies com.jsuereth#scala-arm_2.10;1.3->org.scala-lang#scala-library;2.10.0 [runtime->compile]
loadData of org.scala-lang#scala-library;2.10.0 of rootConf=default
default is loaded and no conf to load.  Skip loading
== resolving dependencies com.github.scala-incubator.io#scala-io-file_2.10;0.4.2->org.scala-lang#scala-library;2.10.0 [runtime->runtime(*)]
loadData of org.scala-lang#scala-library;2.10.0 of rootConf=default
default is loaded and no conf to load.  Skip loading
== resolving dependencies com.github.scala-incubator.io#scala-io-file_2.10;0.4.2->org.scala-lang#scala-library;2.10.0 [runtime->compile]
loadData of org.scala-lang#scala-library;2.10.0 of rootConf=default
default is loaded and no conf to load.  Skip loading
== resolving dependencies com.typesafe.play#console_2.10;2.2.6->org.scala-sbt#launcher-interface;0.13.0 [compile->master(*)]
loadData of org.scala-sbt#launcher-interface;0.13.0 of rootConf=default
	using redefined-public to resolve org.scala-sbt#launcher-interface;0.13.0
redefined-public: Checking cache for: dependency: org.scala-sbt#launcher-interface;0.13.0 {compile=[compile(*), master(*)], runtime=[runtime(*)]}
No entry is found in the ModuleDescriptorCache : /home/wsantos/Downloads/play-2.2.6/framework/../repository/cache/org.scala-sbt/launcher-interface/ivy-0.13.0.xml
post 1.3 ivy file: using exact as default matcher
	resolver not found: sbt-chain => trying to use the one configured for org.scala-sbt#launcher-interface;0.13.0
	configured resolver found for org.scala-sbt#launcher-interface;0.13.0: redefined-public: saving this data
	found ivy file in cache for org.scala-sbt#launcher-interface;0.13.0 (resolved by redefined-public): /home/wsantos/Downloads/play-2.2.6/framework/../repository/cache/org.scala-sbt/launcher-interface/ivy-0.13.0.xml
redefined-public: module revision found in cache: org.scala-sbt#launcher-interface;0.13.0
	found org.scala-sbt#launcher-interface;0.13.0 in redefined-public
== resolving dependencies org.scala-sbt#launcher-interface;0.13.0->org.scala-lang#scala-library;2.10.2 [compile->default(compile)]
loadData of org.scala-lang#scala-library;2.10.2 of rootConf=default
	using redefined-public to resolve org.scala-lang#scala-library;2.10.2
redefined-public: Checking cache for: dependency: org.scala-lang#scala-library;2.10.2 {compile=[default(compile)]}
No entry is found in the ModuleDescriptorCache : /home/wsantos/Downloads/play-2.2.6/framework/../repository/cache/org.scala-lang/scala-library/ivy-2.10.2.xml
post 1.3 ivy file: using exact as default matcher
	resolver not found: null => trying to use the one configured for org.scala-lang#scala-library;2.10.2
	configured resolver found for org.scala-lang#scala-library;2.10.2: redefined-public: saving this data
	found ivy file in cache for org.scala-lang#scala-library;2.10.2 (resolved by redefined-public): /home/wsantos/Downloads/play-2.2.6/framework/../repository/cache/org.scala-lang/scala-library/ivy-2.10.2.xml
redefined-public: module revision found in cache: org.scala-lang#scala-library;2.10.2
	found org.scala-lang#scala-library;2.10.2 in redefined-public
== resolving dependencies org.scala-sbt#launcher-interface;0.13.0->org.scala-lang#scala-library;2.10.2 [compile->runtime]
loadData of org.scala-lang#scala-library;2.10.2 of rootConf=default
== resolving dependencies org.scala-sbt#launcher-interface;0.13.0->org.scala-lang#scala-library;2.10.2 [compile->compile]
loadData of org.scala-lang#scala-library;2.10.2 of rootConf=default
== resolving dependencies org.scala-sbt#launcher-interface;0.13.0->org.scala-lang#scala-library;2.10.2 [compile->master]
loadData of org.scala-lang#scala-library;2.10.2 of rootConf=default
== resolving dependencies org.scala-sbt#launcher-interface;0.13.0->org.scala-lang#scala-library;2.10.2 [compile->master(*)]
loadData of org.scala-lang#scala-library;2.10.2 of rootConf=default
== resolving dependencies org.scala-sbt#launcher-interface;0.13.0->org.scala-lang#scala-library;2.10.2 [compile->runtime(*)]
loadData of org.scala-lang#scala-library;2.10.2 of rootConf=default
== resolving dependencies org.scala-sbt#launcher-interface;0.13.0->org.scala-lang#scala-library;2.10.2 [compile->compile]
loadData of org.scala-lang#scala-library;2.10.2 of rootConf=default
== resolving dependencies org.scala-sbt#launcher-interface;0.13.0->org.scala-lang#scala-library;2.10.2 [compile->compile(*)]
loadData of org.scala-lang#scala-library;2.10.2 of rootConf=default
== resolving dependencies com.typesafe.play#console_2.10;2.2.6->org.scala-sbt#launcher-interface;0.13.0 [compile->compile]
loadData of org.scala-sbt#launcher-interface;0.13.0 of rootConf=default
== resolving dependencies com.typesafe.play#console_2.10;2.2.6->org.scala-sbt#launcher-interface;0.13.0 [compile->runtime]
loadData of org.scala-sbt#launcher-interface;0.13.0 of rootConf=default
== resolving dependencies com.typesafe.play#console_2.10;2.2.6->org.scala-sbt#launcher-interface;0.13.0 [compile->compile]
loadData of org.scala-sbt#launcher-interface;0.13.0 of rootConf=default
== resolving dependencies com.typesafe.play#console_2.10;2.2.6->org.scala-sbt#launcher-interface;0.13.0 [compile->compile(*)]
loadData of org.scala-sbt#launcher-interface;0.13.0 of rootConf=default
== resolving dependencies com.typesafe.play#console_2.10;2.2.6->org.scala-sbt#launcher-interface;0.13.0 [compile->runtime(*)]
loadData of org.scala-sbt#launcher-interface;0.13.0 of rootConf=default
== resolving dependencies com.typesafe.play#console_2.10;2.2.6->org.scala-sbt#launcher-interface;0.13.0 [compile->compile]
loadData of org.scala-sbt#launcher-interface;0.13.0 of rootConf=default
default is loaded and no conf to load.  Skip loading
== resolving dependencies com.typesafe.play#console_2.10;2.2.6->jline#jline;2.11 [compile->master(*)]
loadData of jline#jline;2.11 of rootConf=default
	using redefined-public to resolve jline#jline;2.11
redefined-public: Checking cache for: dependency: jline#jline;2.11 {compile=[compile(*), master(*)], runtime=[runtime(*)]}
No entry is found in the ModuleDescriptorCache : /home/wsantos/Downloads/play-2.2.6/framework/../repository/cache/jline/jline/ivy-2.11.xml
post 1.3 ivy file: using exact as default matcher
	resolver not found: sbt-chain => trying to use the one configured for jline#jline;2.11
	configured resolver found for jline#jline;2.11: redefined-public: saving this data
	found ivy file in cache for jline#jline;2.11 (resolved by redefined-public): /home/wsantos/Downloads/play-2.2.6/framework/../repository/cache/jline/jline/ivy-2.11.xml
redefined-public: module revision found in cache: jline#jline;2.11
	found jline#jline;2.11 in redefined-public
== resolving dependencies com.typesafe.play#console_2.10;2.2.6->jline#jline;2.11 [compile->compile(*)]
loadData of jline#jline;2.11 of rootConf=default
== resolving dependencies com.typesafe.play#console_2.10;2.2.6->jline#jline;2.11 [compile->runtime(*)]
loadData of jline#jline;2.11 of rootConf=default
== resolving dependencies com.typesafe.play#console_2.10;2.2.6->jline#jline;2.11 [compile->compile]
loadData of jline#jline;2.11 of rootConf=default
== resolving dependencies com.typesafe.play#console_2.10;2.2.6->com.github.scala-incubator.io#scala-io-file_2.10;0.4.2 [runtime->runtime(*)]
loadData of com.github.scala-incubator.io#scala-io-file_2.10;0.4.2 of rootConf=default
default is loaded and no conf to load.  Skip loading
== resolving dependencies com.typesafe.play#console_2.10;2.2.6->com.github.scala-incubator.io#scala-io-file_2.10;0.4.2 [runtime->compile]
loadData of com.github.scala-incubator.io#scala-io-file_2.10;0.4.2 of rootConf=default
default is loaded and no conf to load.  Skip loading
== resolving dependencies com.typesafe.play#console_2.10;2.2.6->org.scala-sbt#launcher-interface;0.13.0 [runtime->runtime(*)]
loadData of org.scala-sbt#launcher-interface;0.13.0 of rootConf=default
default is loaded and no conf to load.  Skip loading
== resolving dependencies com.typesafe.play#console_2.10;2.2.6->org.scala-sbt#launcher-interface;0.13.0 [runtime->compile]
loadData of org.scala-sbt#launcher-interface;0.13.0 of rootConf=default
default is loaded and no conf to load.  Skip loading
== resolving dependencies com.typesafe.play#console_2.10;2.2.6->jline#jline;2.11 [runtime->runtime(*)]
loadData of jline#jline;2.11 of rootConf=default
default is loaded and no conf to load.  Skip loading
== resolving dependencies com.typesafe.play#console_2.10;2.2.6->jline#jline;2.11 [runtime->compile]
loadData of jline#jline;2.11 of rootConf=default
default is loaded and no conf to load.  Skip loading
== resolving dependencies org.scala-sbt#boot-app;1.0->com.typesafe.play#console_2.10;2.2.6 [default->master]
loadData of com.typesafe.play#console_2.10;2.2.6 of rootConf=default
Nbr of module to sort : 8
Sort dependencies of : com.typesafe.play#console_2.10;2.2.6 / Number of dependencies = 3
Sort dependencies of : com.github.scala-incubator.io#scala-io-file_2.10;0.4.2 / Number of dependencies = 4
Sort dependencies of : com.github.scala-incubator.io#scala-io-core_2.10;0.4.2 / Number of dependencies = 4
Non matching revision detected when sorting.  com.github.scala-incubator.io#scala-io-core_2.10 depends on org.scala-lang#scala-library;2.10.0, doesn't match org.scala-lang#scala-library;2.10.2
Sort dependencies of : org.scala-lang#scala-library;2.10.0 / Number of dependencies = 0
Sort done for : org.scala-lang#scala-library;2.10.0
Sort dependencies of : com.jsuereth#scala-arm_2.10;1.3 / Number of dependencies = 5
Non matching revision detected when sorting.  com.jsuereth#scala-arm_2.10 depends on org.scala-lang#scala-library;2.10.0, doesn't match org.scala-lang#scala-library;2.10.2
Module descriptor is processed : org.scala-lang#scala-library;2.10.0
Sort done for : com.jsuereth#scala-arm_2.10;1.3
Sort done for : com.github.scala-incubator.io#scala-io-core_2.10;0.4.2
Non matching revision detected when sorting.  com.github.scala-incubator.io#scala-io-file_2.10 depends on org.scala-lang#scala-library;2.10.0, doesn't match org.scala-lang#scala-library;2.10.2
Module descriptor is processed : org.scala-lang#scala-library;2.10.0
Sort done for : com.github.scala-incubator.io#scala-io-file_2.10;0.4.2
Sort dependencies of : org.scala-sbt#launcher-interface;0.13.0 / Number of dependencies = 1
Sort dependencies of : org.scala-lang#scala-library;2.10.2 / Number of dependencies = 0
Sort done for : org.scala-lang#scala-library;2.10.2
Sort done for : org.scala-sbt#launcher-interface;0.13.0
Sort dependencies of : jline#jline;2.11 / Number of dependencies = 1
Sort done for : jline#jline;2.11
Sort done for : com.typesafe.play#console_2.10;2.2.6
Module descriptor is processed : com.github.scala-incubator.io#scala-io-file_2.10;0.4.2
Module descriptor is processed : org.scala-sbt#launcher-interface;0.13.0
Module descriptor is processed : jline#jline;2.11
Module descriptor is processed : com.github.scala-incubator.io#scala-io-core_2.10;0.4.2
Module descriptor is processed : org.scala-lang#scala-library;2.10.0
Module descriptor is processed : com.jsuereth#scala-arm_2.10;1.3
Module descriptor is processed : org.scala-lang#scala-library;2.10.2
	resolved ivy file produced in /home/wsantos/Downloads/play-2.2.6/framework/sbt/boot/resolution-cache/resolved-org.scala-sbt-boot-app-1.0.xml
:: downloading artifacts ::
	[NOT REQUIRED] com.typesafe.play#console_2.10;2.2.6!console_2.10.jar
	[NOT REQUIRED] com.github.scala-incubator.io#scala-io-file_2.10;0.4.2!scala-io-file_2.10.jar
	[NOT REQUIRED] org.scala-sbt#launcher-interface;0.13.0!launcher-interface.jar
	[NOT REQUIRED] org.scala-sbt#launcher-interface;0.13.0!launcher-interface.jar(src)
	[NOT REQUIRED] jline#jline;2.11!jline.jar
	[NOT REQUIRED] com.github.scala-incubator.io#scala-io-core_2.10;0.4.2!scala-io-core_2.10.jar
	[NOT REQUIRED] com.jsuereth#scala-arm_2.10;1.3!scala-arm_2.10.jar
local: no namespace defined: using system
	 trying /home/wsantos/Downloads/play-2.2.6/repository/local/org.scala-lang/scala-library/2.10.2/jars/scala-library.jar
		tried /home/wsantos/Downloads/play-2.2.6/repository/local/org.scala-lang/scala-library/2.10.2/jars/scala-library.jar
	local: resource not reachable for org.scala-lang#scala-library;2.10.2: res=/home/wsantos/Downloads/play-2.2.6/repository/local/org.scala-lang/scala-library/2.10.2/jars/scala-library.jar
Maven2 Local: no namespace defined: using system
	 trying file:///home/wsantos/.m2/repository/org/scala-lang/scala-library/2.10.2/scala-library-2.10.2.jar
		tried file:///home/wsantos/.m2/repository/org/scala-lang/scala-library/2.10.2/scala-library-2.10.2.jar
	Maven2 Local: resource not reachable for org/scala-lang#scala-library;2.10.2: res=file:/home/wsantos/.m2/repository/org/scala-lang/scala-library/2.10.2/scala-library-2.10.2.jar
typesafe-ivy-releases: no namespace defined: using system
	 trying http://repo.typesafe.com/typesafe/ivy-releases/org.scala-lang/scala-library/2.10.2/jars/scala-library.jar
		tried http://repo.typesafe.com/typesafe/ivy-releases/org.scala-lang/scala-library/2.10.2/jars/scala-library.jar
HTTP response status: 404 url=http://repo.typesafe.com/typesafe/ivy-releases/org.scala-lang/scala-library/2.10.2/jars/scala-library.jar
CLIENT ERROR: Not Found url=http://repo.typesafe.com/typesafe/ivy-releases/org.scala-lang/scala-library/2.10.2/jars/scala-library.jar
	typesafe-ivy-releases: resource not reachable for org.scala-lang#scala-library;2.10.2: res=http://repo.typesafe.com/typesafe/ivy-releases/org.scala-lang/scala-library/2.10.2/jars/scala-library.jar
Maven Central: no namespace defined: using system
	 trying http://repo1.maven.org/maven2/org/scala-lang/scala-library/2.10.2/scala-library-2.10.2.jar
		tried http://repo1.maven.org/maven2/org/scala-lang/scala-library/2.10.2/scala-library-2.10.2.jar
downloading http://repo1.maven.org/maven2/org/scala-lang/scala-library/2.10.2/scala-library-2.10.2.jar ...
	Maven Central: downloading http://repo1.maven.org/maven2/org/scala-lang/scala-library/2.10.2/scala-library-2.10.2.jar
		to /home/wsantos/Downloads/play-2.2.6/framework/../repository/cache/org.scala-lang/scala-library/jars/scala-library-2.10.2.jar.part
sha1 file found for http://repo1.maven.org/maven2/org/scala-lang/scala-library/2.10.2/scala-library-2.10.2.jar: checking...
	Maven Central: downloading http://repo1.maven.org/maven2/org/scala-lang/scala-library/2.10.2/scala-library-2.10.2.jar.sha1
		to /tmp/ivytmp828646795325277270sha1
sha1 OK for http://repo1.maven.org/maven2/org/scala-lang/scala-library/2.10.2/scala-library-2.10.2.jar
	[SUCCESSFUL ] org.scala-lang#scala-library;2.10.2!scala-library.jar (9988ms)
:: resolution report :: resolve 5319ms :: artifacts dl 12160ms
Nbr of module to sort : 8
Sort dependencies of : com.typesafe.play#console_2.10;2.2.6 / Number of dependencies = 3
Sort dependencies of : com.github.scala-incubator.io#scala-io-file_2.10;0.4.2 / Number of dependencies = 4
Sort dependencies of : com.github.scala-incubator.io#scala-io-core_2.10;0.4.2 / Number of dependencies = 4
Non matching revision detected when sorting.  com.github.scala-incubator.io#scala-io-core_2.10 depends on org.scala-lang#scala-library;2.10.0, doesn't match org.scala-lang#scala-library;2.10.2
Sort dependencies of : org.scala-lang#scala-library;2.10.0 / Number of dependencies = 0
Sort done for : org.scala-lang#scala-library;2.10.0
Sort dependencies of : com.jsuereth#scala-arm_2.10;1.3 / Number of dependencies = 5
Non matching revision detected when sorting.  com.jsuereth#scala-arm_2.10 depends on org.scala-lang#scala-library;2.10.0, doesn't match org.scala-lang#scala-library;2.10.2
Module descriptor is processed : org.scala-lang#scala-library;2.10.0
Sort done for : com.jsuereth#scala-arm_2.10;1.3
Sort done for : com.github.scala-incubator.io#scala-io-core_2.10;0.4.2
Non matching revision detected when sorting.  com.github.scala-incubator.io#scala-io-file_2.10 depends on org.scala-lang#scala-library;2.10.0, doesn't match org.scala-lang#scala-library;2.10.2
Module descriptor is processed : org.scala-lang#scala-library;2.10.0
Sort done for : com.github.scala-incubator.io#scala-io-file_2.10;0.4.2
Sort dependencies of : org.scala-sbt#launcher-interface;0.13.0 / Number of dependencies = 1
Sort dependencies of : org.scala-lang#scala-library;2.10.2 / Number of dependencies = 0
Sort done for : org.scala-lang#scala-library;2.10.2
Sort done for : org.scala-sbt#launcher-interface;0.13.0
Sort dependencies of : jline#jline;2.11 / Number of dependencies = 1
Sort done for : jline#jline;2.11
Sort done for : com.typesafe.play#console_2.10;2.2.6
Module descriptor is processed : com.github.scala-incubator.io#scala-io-file_2.10;0.4.2
Module descriptor is processed : com.github.scala-incubator.io#scala-io-core_2.10;0.4.2
Module descriptor is processed : org.scala-lang#scala-library;2.10.0
Module descriptor is processed : com.jsuereth#scala-arm_2.10;1.3
Module descriptor is processed : org.scala-sbt#launcher-interface;0.13.0
Module descriptor is processed : org.scala-lang#scala-library;2.10.2
Module descriptor is processed : jline#jline;2.11
	report for org.scala-sbt#boot-app;1.0 default produced in /home/wsantos/Downloads/play-2.2.6/framework/sbt/boot/resolution-cache/org.scala-sbt-boot-app-default.xml
	resolve done (5319ms resolve - 12160ms download)
setting 'scala' to '2.10.2'
:: retrieving :: org.scala-sbt#boot-app
	checkUpToDate=true
no explicit confs given for retrieve, using ivy file: /home/wsantos/Downloads/play-2.2.6/framework/sbt/boot/resolution-cache/resolved-org.scala-sbt-boot-app-1.0.xml
using ivy parser to parse /home/wsantos/Downloads/play-2.2.6/framework/sbt/boot/resolution-cache/resolved-org.scala-sbt-boot-app-1.0.xml
post 1.3 ivy file: using exact as default matcher
	confs: [default]
	retrieving /home/wsantos/Downloads/play-2.2.6/framework/../repository/cache/com.github.scala-incubator.io/scala-io-core_2.10/jars/scala-io-core_2.10-0.4.2.jar
		to /home/wsantos/Downloads/play-2.2.6/framework/sbt/boot/scala-2.10.3/com.typesafe.play/console/2.2.6/scala-io-core_2.10-0.4.2.jar
	retrieving /home/wsantos/Downloads/play-2.2.6/framework/../repository/cache/com.jsuereth/scala-arm_2.10/jars/scala-arm_2.10-1.3.jar
		to /home/wsantos/Downloads/play-2.2.6/framework/sbt/boot/scala-2.10.3/com.typesafe.play/console/2.2.6/scala-arm_2.10-1.3.jar
	retrieving /home/wsantos/Downloads/play-2.2.6/framework/../repository/cache/jline/jline/jars/jline-2.11.jar
		to /home/wsantos/Downloads/play-2.2.6/framework/sbt/boot/scala-2.10.3/com.typesafe.play/console/2.2.6/jline-2.11.jar
	retrieving /home/wsantos/Downloads/play-2.2.6/framework/../repository/cache/org.scala-sbt/launcher-interface/jars/launcher-interface-0.13.0.jar
		to /home/wsantos/Downloads/play-2.2.6/framework/sbt/boot/scala-2.10.3/com.typesafe.play/console/2.2.6/launcher-interface-0.13.0.jar
	retrieving /home/wsantos/Downloads/play-2.2.6/framework/../repository/cache/com.typesafe.play/console_2.10/jars/console_2.10-2.2.6.jar
		to /home/wsantos/Downloads/play-2.2.6/framework/sbt/boot/scala-2.10.3/com.typesafe.play/console/2.2.6/console_2.10-2.2.6.jar
	retrieving /home/wsantos/Downloads/play-2.2.6/framework/../repository/cache/com.github.scala-incubator.io/scala-io-file_2.10/jars/scala-io-file_2.10-0.4.2.jar
		to /home/wsantos/Downloads/play-2.2.6/framework/sbt/boot/scala-2.10.3/com.typesafe.play/console/2.2.6/scala-io-file_2.10-0.4.2.jar
	6 artifacts copied, 0 already retrieved (2012kB/279ms)
	retrieve done (279ms)
